<?xml version="1.0" encoding="UTF-8"?>
<!-- Generated by org.testng.reporters.JUnitReportReporter -->
<testsuite hostname="LAPTOP-B5J4QNVR" failures="0" tests="3" name="Store.tests.StoreTests" time="5.682" errors="0" timestamp="2024-03-03T23:00:15 IST" skipped="0">
  <testcase classname="Store.tests.StoreTests" name="testCreateStore" time="2.939"/>
  <testcase classname="Store.tests.StoreTests" name="testGetStore" time="1.387"/>
  <testcase classname="Store.tests.StoreTests" name="testDeleteStore" time="1.356"/>
</testsuite> <!-- Store.tests.StoreTests -->
