<?xml version="1.0" encoding="UTF-8"?>
<!-- Generated by org.testng.reporters.JUnitReportReporter -->
<testsuite hostname="LAPTOP-B5J4QNVR" failures="0" tests="3" name="Store.tests.StoreTests" time="14.709" errors="0" timestamp="2024-03-04T11:13:19 IST" skipped="0">
  <testcase classname="Store.tests.StoreTests" name="testCreateStore" time="6.795"/>
  <testcase classname="Store.tests.StoreTests" name="testGetStore" time="4.182"/>
  <testcase classname="Store.tests.StoreTests" name="testDeleteStore" time="3.732"/>
</testsuite> <!-- Store.tests.StoreTests -->
